<?xml version="1.0" encoding="UTF-8"?>
<!-- Generated by org.testng.reporters.JUnitXMLReporter -->
<testsuite ignored="4" hostname="chethan" failures="3" tests="3" name="Test" time="124.273" errors="0" timestamp="16 Jun 2022 12:14:08 GMT">
  <testcase classname="Assignments.CreateContactVerifyTest" name="createContactVerify" time="34.402">
    <failure type="java.lang.AssertionError" message="null">
      <![CDATA[java.lang.AssertionError: null
at Assignments.CreateContactVerifyTest.createContactVerify(CreateContactVerifyTest.java:37)
... Removed 27 stack frames]]>
    </failure>
  </testcase> <!-- createContactVerify -->
  <testcase classname="Assignments.CreateProductAndCampaignVerifyTest" name="createProductAndCampaignVerify" time="23.623">
    <failure type="java.lang.AssertionError" message="null">
      <![CDATA[java.lang.AssertionError: null
at Assignments.CreateProductAndCampaignVerifyTest.createProductAndCampaignVerify(CreateProductAndCampaignVerifyTest.java:54)
... Removed 27 stack frames]]>
    </failure>
  </testcase> <!-- createProductAndCampaignVerify -->
  <testcase classname="Assignments.CreateOrganizationsVerifyTest" name="CreateOrganizationsVerify" time="15.686">
    <failure type="java.lang.AssertionError" message="null">
      <![CDATA[java.lang.AssertionError: null
at Assignments.CreateOrganizationsVerifyTest.CreateOrganizationsVerify(CreateOrganizationsVerifyTest.java:37)
... Removed 27 stack frames]]>
    </failure>
  </testcase> <!-- CreateOrganizationsVerify -->
  <testcase classname="com.crm.comcast.genericutility.BaseClass" name="@BeforeSuite dbConfig" time="0.0">
    <ignored/>
  </testcase> <!-- @BeforeSuite dbConfig -->
  <testcase classname="com.crm.comcast.genericutility.BaseClass" name="@BeforeSuite dbConfig" time="0.0">
    <ignored/>
  </testcase> <!-- @BeforeSuite dbConfig -->
  <testcase classname="com.crm.comcast.genericutility.BaseClass" name="@AfterSuite closeDBconfif" time="0.0">
    <ignored/>
  </testcase> <!-- @AfterSuite closeDBconfif -->
  <testcase classname="com.crm.comcast.genericutility.BaseClass" name="@AfterSuite closeDBconfif" time="0.0">
    <ignored/>
  </testcase> <!-- @AfterSuite closeDBconfif -->
</testsuite> <!-- Test -->
