<?xml version="1.0" encoding="UTF-8"?>
<!-- Generated by org.testng.reporters.JUnitXMLReporter -->
<testsuite ignored="2" hostname="chethan" failures="0" tests="2" name="TestRunner2" time="123.544" errors="0" timestamp="15 Jun 2022 12:27:06 GMT">
  <testcase classname="Assignments.CreateOrganizationsVerifyTest" name="CreateOrganizationsVerify" time="31.504"/>
  <testcase classname="Assignments.CreateProductAndCampaignVerifyTest" name="createProductAndCampaignVerify" time="47.038"/>
  <testcase classname="com.crm.comcast.genericutility.BaseClass" name="@BeforeSuite dbConfig" time="0.0">
    <ignored/>
  </testcase> <!-- @BeforeSuite dbConfig -->
  <testcase classname="com.crm.comcast.genericutility.BaseClass" name="@AfterSuite closeDBconfif" time="0.0">
    <ignored/>
  </testcase> <!-- @AfterSuite closeDBconfif -->
</testsuite> <!-- TestRunner2 -->
